# JRE version: Java(TM) SE Runtime Environment (8.0_181-b13) (build 1.8.0_181-b13)
# Java VM: Java HotSpot(TM) 64-Bit Server VM (25.181-b13 mixed mode windows-amd64 compressed oops)
Heap:
 PSYoungGen      total 306688K, used 205936K [0x00000000d5d80000, 0x00000000ea200000, 0x0000000100000000)
  eden space 291328K, 65% used [0x00000000d5d80000,0x00000000e18a1ad8,0x00000000e7a00000)
  from space 15360K, 93% used [0x00000000e8a80000,0x00000000e987a678,0x00000000e9980000)
  to   space 16896K, 0% used [0x00000000e7a00000,0x00000000e7a00000,0x00000000e8a80000)
 ParOldGen       total 75776K, used 24888K [0x0000000081800000, 0x0000000086200000, 0x00000000d5d80000)
  object space 75776K, 32% used [0x0000000081800000,0x000000008304e160,0x0000000086200000)
 Metaspace       used 57489K, capacity 58208K, committed 58408K, reserved 1099776K
  class space    used 6943K, capacity 7124K, committed 7208K, reserved 1048576K
GC Heap History (10 events):
Event: 49.073 GC heap before
{Heap before GC invocations=10 (full 1):
 PSYoungGen      total 256512K, used 255941K [0x00000000d5d80000, 0x00000000e6300000, 0x0000000100000000)
  eden space 247296K, 100% used [0x00000000d5d80000,0x00000000e4f00000,0x00000000e4f00000)
  from space 9216K, 93% used [0x00000000e5980000,0x00000000e61f14d8,0x00000000e6280000)
  to   space 10240K, 0% used [0x00000000e4f00000,0x00000000e4f00000,0x00000000e5900000)
 ParOldGen       total 47616K, used 7876K [0x0000000081800000, 0x0000000084680000, 0x00000000d5d80000)
  object space 47616K, 16% used [0x0000000081800000,0x0000000081fb11f8,0x0000000084680000)
 Metaspace       used 33053K, capacity 33392K, committed 33792K, reserved 1079296K
  class space    used 4175K, capacity 4255K, committed 4352K, reserved 1048576K
Event: 49.107 GC heap after
Heap after GC invocations=10 (full 1):
 PSYoungGen      total 246784K, used 10211K [0x00000000d5d80000, 0x00000000e5c80000, 0x0000000100000000)
  eden space 236544K, 0% used [0x00000000d5d80000,0x00000000d5d80000,0x00000000e4480000)
  from space 10240K, 99% used [0x00000000e4f00000,0x00000000e58f8ca8,0x00000000e5900000)
  to   space 3584K, 0% used [0x00000000e5900000,0x00000000e5900000,0x00000000e5c80000)
 ParOldGen       total 47616K, used 10574K [0x0000000081800000, 0x0000000084680000, 0x00000000d5d80000)
  object space 47616K, 22% used [0x0000000081800000,0x0000000082253ad8,0x0000000084680000)
 Metaspace       used 33053K, capacity 33392K, committed 33792K, reserved 1079296K
  class space    used 4175K, capacity 4255K, committed 4352K, reserved 1048576K
}
Event: 51.199 GC heap before
{Heap before GC invocations=11 (full 1):
 PSYoungGen      total 246784K, used 68256K [0x00000000d5d80000, 0x00000000e5c80000, 0x0000000100000000)
  eden space 236544K, 24% used [0x00000000d5d80000,0x00000000d962f580,0x00000000e4480000)
  from space 10240K, 99% used [0x00000000e4f00000,0x00000000e58f8ca8,0x00000000e5900000)
  to   space 3584K, 0% used [0x00000000e5900000,0x00000000e5900000,0x00000000e5c80000)
 ParOldGen       total 47616K, used 10574K [0x0000000081800000, 0x0000000084680000, 0x00000000d5d80000)
  object space 47616K, 22% used [0x0000000081800000,0x0000000082253ad8,0x0000000084680000)
 Metaspace       used 34928K, capacity 35270K, committed 35496K, reserved 1081344K
  class space    used 4397K, capacity 4488K, committed 4520K, reserved 1048576K
Event: 51.213 GC heap after
Heap after GC invocations=11 (full 1):
 PSYoungGen      total 230400K, used 3584K [0x00000000d5d80000, 0x00000000e5c80000, 0x0000000100000000)
  eden space 226816K, 0% used [0x00000000d5d80000,0x00000000d5d80000,0x00000000e3b00000)
  from space 3584K, 100% used [0x00000000e5900000,0x00000000e5c80000,0x00000000e5c80000)
  to   space 13312K, 0% used [0x00000000e4280000,0x00000000e4280000,0x00000000e4f80000)
 ParOldGen       total 47616K, used 16933K [0x0000000081800000, 0x0000000084680000, 0x00000000d5d80000)
  object space 47616K, 35% used [0x0000000081800000,0x0000000082889460,0x0000000084680000)
 Metaspace       used 34928K, capacity 35270K, committed 35496K, reserved 1081344K
  class space    used 4397K, capacity 4488K, committed 4520K, reserved 1048576K
}
Event: 51.213 GC heap before
{Heap before GC invocations=12 (full 2):
 PSYoungGen      total 230400K, used 3584K [0x00000000d5d80000, 0x00000000e5c80000, 0x0000000100000000)
  eden space 226816K, 0% used [0x00000000d5d80000,0x00000000d5d80000,0x00000000e3b00000)
  from space 3584K, 100% used [0x00000000e5900000,0x00000000e5c80000,0x00000000e5c80000)
  to   space 13312K, 0% used [0x00000000e4280000,0x00000000e4280000,0x00000000e4f80000)
 ParOldGen       total 47616K, used 16933K [0x0000000081800000, 0x0000000084680000, 0x00000000d5d80000)
  object space 47616K, 35% used [0x0000000081800000,0x0000000082889460,0x0000000084680000)
 Metaspace       used 34928K, capacity 35270K, committed 35496K, reserved 1081344K
  class space    used 4397K, capacity 4488K, committed 4520K, reserved 1048576K
Event: 51.571 GC heap after
Heap after GC invocations=12 (full 2):
 PSYoungGen      total 230400K, used 0K [0x00000000d5d80000, 0x00000000e5c80000, 0x0000000100000000)
  eden space 226816K, 0% used [0x00000000d5d80000,0x00000000d5d80000,0x00000000e3b00000)
  from space 3584K, 0% used [0x00000000e5900000,0x00000000e5900000,0x00000000e5c80000)
  to   space 13312K, 0% used [0x00000000e4280000,0x00000000e4280000,0x00000000e4f80000)
 ParOldGen       total 75776K, used 15059K [0x0000000081800000, 0x0000000086200000, 0x00000000d5d80000)
  object space 75776K, 19% used [0x0000000081800000,0x00000000826b4fb8,0x0000000086200000)
 Metaspace       used 34928K, capacity 35270K, committed 35496K, reserved 1081344K
  class space    used 4397K, capacity 4488K, committed 4520K, reserved 1048576K
}
Event: 71.721 GC heap before
{Heap before GC invocations=13 (full 2):
 PSYoungGen      total 230400K, used 226816K [0x00000000d5d80000, 0x00000000e5c80000, 0x0000000100000000)
  eden space 226816K, 100% used [0x00000000d5d80000,0x00000000e3b00000,0x00000000e3b00000)
  from space 3584K, 0% used [0x00000000e5900000,0x00000000e5900000,0x00000000e5c80000)
  to   space 13312K, 0% used [0x00000000e4280000,0x00000000e4280000,0x00000000e4f80000)
 ParOldGen       total 75776K, used 15059K [0x0000000081800000, 0x0000000086200000, 0x00000000d5d80000)
  object space 75776K, 19% used [0x0000000081800000,0x00000000826b4fb8,0x0000000086200000)
 Metaspace       used 44239K, capacity 44732K, committed 45096K, reserved 1089536K
  class space    used 5519K, capacity 5648K, committed 5672K, reserved 1048576K
Event: 71.857 GC heap after
Heap after GC invocations=13 (full 2):
 PSYoungGen      total 247808K, used 13295K [0x00000000d5d80000, 0x00000000e9980000, 0x0000000100000000)
  eden space 234496K, 0% used [0x00000000d5d80000,0x00000000d5d80000,0x00000000e4280000)
  from space 13312K, 99% used [0x00000000e4280000,0x00000000e4f7bca0,0x00000000e4f80000)
  to   space 15360K, 0% used [0x00000000e8a80000,0x00000000e8a80000,0x00000000e9980000)
 ParOldGen       total 75776K, used 16566K [0x0000000081800000, 0x0000000086200000, 0x00000000d5d80000)
  object space 75776K, 21% used [0x0000000081800000,0x000000008282d900,0x0000000086200000)
 Metaspace       used 44239K, capacity 44732K, committed 45096K, reserved 1089536K
  class space    used 5519K, capacity 5648K, committed 5672K, reserved 1048576K
}
Event: 86.089 GC heap before
{Heap before GC invocations=14 (full 2):
 PSYoungGen      total 247808K, used 247791K [0x00000000d5d80000, 0x00000000e9980000, 0x0000000100000000)
  eden space 234496K, 100% used [0x00000000d5d80000,0x00000000e4280000,0x00000000e4280000)
  from space 13312K, 99% used [0x00000000e4280000,0x00000000e4f7bca0,0x00000000e4f80000)
  to   space 15360K, 0% used [0x00000000e8a80000,0x00000000e8a80000,0x00000000e9980000)
 ParOldGen       total 75776K, used 16566K [0x0000000081800000, 0x0000000086200000, 0x00000000d5d80000)
  object space 75776K, 21% used [0x0000000081800000,0x000000008282d900,0x0000000086200000)
 Metaspace       used 54289K, capacity 54818K, committed 55208K, reserved 1097728K
  class space    used 6678K, capacity 6815K, committed 6824K, reserved 1048576K
Event: 86.150 GC heap after
Heap after GC invocations=14 (full 2):
 PSYoungGen      total 306688K, used 14313K [0x00000000d5d80000, 0x00000000ea200000, 0x0000000100000000)
  eden space 291328K, 0% used [0x00000000d5d80000,0x00000000d5d80000,0x00000000e7a00000)
  from space 15360K, 93% used [0x00000000e8a80000,0x00000000e987a678,0x00000000e9980000)
  to   space 16896K, 0% used [0x00000000e7a00000,0x00000000e7a00000,0x00000000e8a80000)
 ParOldGen       total 75776K, used 24888K [0x0000000081800000, 0x0000000086200000, 0x00000000d5d80000)
  object space 75776K, 32% used [0x0000000081800000,0x000000008304e160,0x0000000086200000)
 Metaspace       used 54289K, capacity 54818K, committed 55208K, reserved 1097728K
  class space    used 6678K, capacity 6815K, committed 6824K, reserved 1048576K
}

